# JRE version: Java(TM) SE Runtime Environment (8.0_25-b17) (build 1.8.0_25-b17)
# Java VM: Java HotSpot(TM) 64-Bit Server VM (25.25-b02 mixed mode bsd-amd64 compressed oops)
Heap:
 PSYoungGen      total 102400K, used 35457K [0x00000007a0000000, 0x00000007a6800000, 0x00000007c0000000)
  eden space 98304K, 31% used [0x00000007a0000000,0x00000007a1ea45b0,0x00000007a6000000)
  from space 4096K, 99% used [0x00000007a6400000,0x00000007a67fc010,0x00000007a6800000)
  to   space 4096K, 0% used [0x00000007a6000000,0x00000007a6000000,0x00000007a6400000)
 ParOldGen       total 65536K, used 8564K [0x0000000760000000, 0x0000000764000000, 0x00000007a0000000)
  object space 65536K, 13% used [0x0000000760000000,0x000000076085d0b0,0x0000000764000000)
 Metaspace       used 16192K, capacity 16646K, committed 16896K, reserved 1064960K
  class space    used 1904K, capacity 2030K, committed 2048K, reserved 1048576K
GC Heap History (8 events):
Event: 0.609 GC heap before
{Heap before GC invocations=1 (full 0):
 PSYoungGen      total 28672K, used 24576K [0x00000007a0000000, 0x00000007a2000000, 0x00000007c0000000)
  eden space 24576K, 100% used [0x00000007a0000000,0x00000007a1800000,0x00000007a1800000)
  from space 4096K, 0% used [0x00000007a1c00000,0x00000007a1c00000,0x00000007a2000000)
  to   space 4096K, 0% used [0x00000007a1800000,0x00000007a1800000,0x00000007a1c00000)
 ParOldGen       total 65536K, used 0K [0x0000000760000000, 0x0000000764000000, 0x00000007a0000000)
  object space 65536K, 0% used [0x0000000760000000,0x0000000760000000,0x0000000764000000)
 Metaspace       used 7402K, capacity 7592K, committed 7680K, reserved 1056768K
  class space    used 910K, capacity 956K, committed 1024K, reserved 1048576K
Event: 0.617 GC heap after
Heap after GC invocations=1 (full 0):
 PSYoungGen      total 28672K, used 4077K [0x00000007a0000000, 0x00000007a3800000, 0x00000007c0000000)
  eden space 24576K, 0% used [0x00000007a0000000,0x00000007a0000000,0x00000007a1800000)
  from space 4096K, 99% used [0x00000007a1800000,0x00000007a1bfb750,0x00000007a1c00000)
  to   space 4096K, 0% used [0x00000007a3400000,0x00000007a3400000,0x00000007a3800000)
 ParOldGen       total 65536K, used 60K [0x0000000760000000, 0x0000000764000000, 0x00000007a0000000)
  object space 65536K, 0% used [0x0000000760000000,0x000000076000f130,0x0000000764000000)
 Metaspace       used 7402K, capacity 7592K, committed 7680K, reserved 1056768K
  class space    used 910K, capacity 956K, committed 1024K, reserved 1048576K
}
Event: 0.981 GC heap before
{Heap before GC invocations=2 (full 0):
 PSYoungGen      total 28672K, used 28653K [0x00000007a0000000, 0x00000007a3800000, 0x00000007c0000000)
  eden space 24576K, 100% used [0x00000007a0000000,0x00000007a1800000,0x00000007a1800000)
  from space 4096K, 99% used [0x00000007a1800000,0x00000007a1bfb750,0x00000007a1c00000)
  to   space 4096K, 0% used [0x00000007a3400000,0x00000007a3400000,0x00000007a3800000)
 ParOldGen       total 65536K, used 60K [0x0000000760000000, 0x0000000764000000, 0x00000007a0000000)
  object space 65536K, 0% used [0x0000000760000000,0x000000076000f130,0x0000000764000000)
 Metaspace       used 9685K, capacity 9936K, committed 10112K, reserved 1058816K
  class space    used 1211K, capacity 1288K, committed 1408K, reserved 1048576K
Event: 0.987 GC heap after
Heap after GC invocations=2 (full 0):
 PSYoungGen      total 53248K, used 4093K [0x00000007a0000000, 0x00000007a3800000, 0x00000007c0000000)
  eden space 49152K, 0% used [0x00000007a0000000,0x00000007a0000000,0x00000007a3000000)
  from space 4096K, 99% used [0x00000007a3400000,0x00000007a37ff728,0x00000007a3800000)
  to   space 4096K, 0% used [0x00000007a3000000,0x00000007a3000000,0x00000007a3400000)
 ParOldGen       total 65536K, used 766K [0x0000000760000000, 0x0000000764000000, 0x00000007a0000000)
  object space 65536K, 1% used [0x0000000760000000,0x00000007600bf9d8,0x0000000764000000)
 Metaspace       used 9685K, capacity 9936K, committed 10112K, reserved 1058816K
  class space    used 1211K, capacity 1288K, committed 1408K, reserved 1048576K
}
Event: 1.956 GC heap before
{Heap before GC invocations=3 (full 0):
 PSYoungGen      total 53248K, used 53245K [0x00000007a0000000, 0x00000007a3800000, 0x00000007c0000000)
  eden space 49152K, 100% used [0x00000007a0000000,0x00000007a3000000,0x00000007a3000000)
  from space 4096K, 99% used [0x00000007a3400000,0x00000007a37ff728,0x00000007a3800000)
  to   space 4096K, 0% used [0x00000007a3000000,0x00000007a3000000,0x00000007a3400000)
 ParOldGen       total 65536K, used 766K [0x0000000760000000, 0x0000000764000000, 0x00000007a0000000)
  object space 65536K, 1% used [0x0000000760000000,0x00000007600bf9d8,0x0000000764000000)
 Metaspace       used 14204K, capacity 14522K, committed 14976K, reserved 1062912K
  class space    used 1735K, capacity 1817K, committed 1920K, reserved 1048576K
Event: 1.970 GC heap after
Heap after GC invocations=3 (full 0):
 PSYoungGen      total 53248K, used 4080K [0x00000007a0000000, 0x00000007a6800000, 0x00000007c0000000)
  eden space 49152K, 0% used [0x00000007a0000000,0x00000007a0000000,0x00000007a3000000)
  from space 4096K, 99% used [0x00000007a3000000,0x00000007a33fc030,0x00000007a3400000)
  to   space 4096K, 0% used [0x00000007a6400000,0x00000007a6400000,0x00000007a6800000)
 ParOldGen       total 65536K, used 5504K [0x0000000760000000, 0x0000000764000000, 0x00000007a0000000)
  object space 65536K, 8% used [0x0000000760000000,0x0000000760560370,0x0000000764000000)
 Metaspace       used 14204K, capacity 14522K, committed 14976K, reserved 1062912K
  class space    used 1735K, capacity 1817K, committed 1920K, reserved 1048576K
}
Event: 2.587 GC heap before
{Heap before GC invocations=4 (full 0):
 PSYoungGen      total 53248K, used 53232K [0x00000007a0000000, 0x00000007a6800000, 0x00000007c0000000)
  eden space 49152K, 100% used [0x00000007a0000000,0x00000007a3000000,0x00000007a3000000)
  from space 4096K, 99% used [0x00000007a3000000,0x00000007a33fc030,0x00000007a3400000)
  to   space 4096K, 0% used [0x00000007a6400000,0x00000007a6400000,0x00000007a6800000)
 ParOldGen       total 65536K, used 5504K [0x0000000760000000, 0x0000000764000000, 0x00000007a0000000)
  object space 65536K, 8% used [0x0000000760000000,0x0000000760560370,0x0000000764000000)
 Metaspace       used 15263K, capacity 15710K, committed 16128K, reserved 1062912K
  class space    used 1839K, capacity 1955K, committed 2048K, reserved 1048576K
Event: 2.603 GC heap after
Heap after GC invocations=4 (full 0):
 PSYoungGen      total 102400K, used 4080K [0x00000007a0000000, 0x00000007a6800000, 0x00000007c0000000)
  eden space 98304K, 0% used [0x00000007a0000000,0x00000007a0000000,0x00000007a6000000)
  from space 4096K, 99% used [0x00000007a6400000,0x00000007a67fc010,0x00000007a6800000)
  to   space 4096K, 0% used [0x00000007a6000000,0x00000007a6000000,0x00000007a6400000)
 ParOldGen       total 65536K, used 8564K [0x0000000760000000, 0x0000000764000000, 0x00000007a0000000)
  object space 65536K, 13% used [0x0000000760000000,0x000000076085d0b0,0x0000000764000000)
 Metaspace       used 15263K, capacity 15710K, committed 16128K, reserved 1062912K
  class space    used 1839K, capacity 1955K, committed 2048K, reserved 1048576K
}

